<?xml version="1.0" encoding="UTF-8"?>
<!-- Generated by org.testng.reporters.JUnitReportReporter -->
<testsuite hostname="Hp_Blaster" failures="0" tests="1" name="com.qa.testcases.AccountCreatePageTest" time="15.102" errors="0" timestamp="2024-06-01T12:59:25 IST" skipped="0">
  <testcase classname="com.qa.testcases.AccountCreatePageTest" name="verifyCreateAccountPageTest" time="15.102"/>
</testsuite> <!-- com.qa.testcases.AccountCreatePageTest -->
