<?xml version="1.0" encoding="UTF-8"?>
<!-- Generated by org.testng.reporters.JUnitReportReporter -->
<testsuite hostname="Hp_Blaster" failures="0" tests="1" name="com.qa.testcases.LoginPageTest" time="14.180" errors="0" timestamp="2024-06-01T13:03:04 IST" skipped="0">
  <testcase classname="com.qa.testcases.LoginPageTest" name="loginTest" time="14.180"/>
</testsuite> <!-- com.qa.testcases.LoginPageTest -->
