<?xml version="1.0" encoding="UTF-8"?>
<!-- Generated by org.testng.reporters.JUnitReportReporter -->
<testsuite hostname="Hp_Blaster" failures="0" tests="1" name="com.qa.testcases.AddToCartTest" time="15.161" errors="0" timestamp="2024-06-01T12:59:25 IST" skipped="0">
  <testcase classname="com.qa.testcases.AddToCartTest" name="addToCartTest" time="15.161"/>
</testsuite> <!-- com.qa.testcases.AddToCartTest -->
