<?xml version="1.0" encoding="UTF-8"?>
<!-- Generated by org.testng.reporters.JUnitReportReporter -->
<testsuite hostname="Hp_Blaster" failures="0" tests="1" name="com.qa.testcases.OrderPageTest" time="0.001" errors="0" timestamp="2024-05-29T17:50:00 IST" skipped="1">
  <testcase classname="com.qa.testcases.OrderPageTest" name="verifyTotalPrice" time="0.001">
    <skipped/>
  </testcase> <!-- verifyTotalPrice -->
</testsuite> <!-- com.qa.testcases.OrderPageTest -->
