<?xml version="1.0" encoding="UTF-8"?>
<!-- Generated by org.testng.reporters.JUnitReportReporter -->
<testsuite hostname="Hp_Blaster" failures="0" tests="1" name="com.qa.testcases.LoginTest" time="8.541" errors="0" timestamp="2024-05-16T14:32:10 IST" skipped="0">
  <testcase classname="com.qa.testcases.LoginTest" name="searchProduct" time="8.541"/>
</testsuite> <!-- com.qa.testcases.LoginTest -->
