<?xml version="1.0" encoding="UTF-8"?>
<!-- Generated by org.testng.reporters.JUnitReportReporter -->
<testsuite hostname="Hp_Blaster" failures="0" tests="1" name="com.qa.testcases.EndToEndTest" time="0.000" errors="0" timestamp="2024-05-29T17:50:00 IST" skipped="1">
  <testcase classname="com.qa.testcases.EndToEndTest" name="addToCartTest" time="0.000">
    <skipped/>
  </testcase> <!-- addToCartTest -->
</testsuite> <!-- com.qa.testcases.EndToEndTest -->
