<?xml version="1.0" encoding="UTF-8"?>
<!-- Generated by org.testng.reporters.JUnitReportReporter -->
<testsuite hostname="Hp_Blaster" failures="0" tests="1" name="com.qa.testcases.SearchResultPageTest" time="0.000" errors="0" timestamp="2024-05-29T17:43:34 IST" skipped="1">
  <testcase classname="com.qa.testcases.SearchResultPageTest" name="productAvailabiltyTest" time="0.000">
    <skipped/>
  </testcase> <!-- productAvailabiltyTest -->
</testsuite> <!-- com.qa.testcases.SearchResultPageTest -->
