<?xml version="1.0" encoding="UTF-8"?>
<!-- Generated by org.testng.reporters.JUnitReportReporter -->
<testsuite hostname="Hp_Blaster" failures="0" tests="2" name="com.qa.testcases.HomePageTest" time="0.000" errors="0" timestamp="2024-05-29T17:43:34 IST" skipped="2">
  <testcase classname="com.qa.testcases.HomePageTest" name="myAccountIsDisplayed" time="0.000">
    <skipped/>
  </testcase> <!-- myAccountIsDisplayed -->
  <testcase classname="com.qa.testcases.HomePageTest" name="validateWishList" time="0.000">
    <skipped/>
  </testcase> <!-- validateWishList -->
</testsuite> <!-- com.qa.testcases.HomePageTest -->
